         ps                              clock      instruction           pcout        s_regDout        s_regSout        s_regAout  sel  sel             outM  writeM              inM             
     505000                                  1 0000000000000001 000000000000001 0000000000000000 0000000000000000 0000000000000001    0    0 0000000000000000       0 0000000000000000 
     515000                                  1 1111100000010000 000000000000010 0000000000000000 0000000000000000 0000000000000001    1    1 0000000000000101       0 0000000000000101 
     525000                                  1 0000000000000010 000000000000011 0000000000000101 0000000000000000 0000000000000001    0    0 0000000000000000       0 0000000000000101 
     535000                                  1 1100011000100000 000000000000100 0000000000000101 0000000000000000 0000000000000010    0    1 0000000000000101       0 0000000000000101 
     545000                                  1 1110100110010000 000000000000101 0000000000000101 0000000000000101 0000000000000010    1    1 0000000000000011       0 0000000000000010 
     555000                                  1 1100011000000011 000000000000110 0000000000000011 0000000000000101 0000000000000010    0    1 0000000000000011       0 0000000000000010 
     565000                                  1 1101010100000000 000000000000010 0000000000000011 0000000000000101 0000000000000010    0    1 0000000000000000       0 0000000000000010 
     575000                                  1 0000000000000010 000000000000011 0000000000000011 0000000000000101 0000000000000010    0    0 0000000000000000       0 0000000000000010 
     585000                                  1 1100011000100000 000000000000100 0000000000000011 0000000000000101 0000000000000010    0    1 0000000000000011       0 0000000000000010 
     595000                                  1 1110100110010000 000000000000101 0000000000000011 0000000000000011 0000000000000010    1    1 0000000000000001       0 0000000000000010 
     605000                                  1 1100011000000011 000000000000110 0000000000000001 0000000000000011 0000000000000010    0    1 0000000000000001       0 0000000000000010 
     615000                                  1 1101010100000000 000000000000010 0000000000000001 0000000000000011 0000000000000010    0    1 0000000000000000       0 0000000000000010 
     625000                                  1 0000000000000010 000000000000011 0000000000000001 0000000000000011 0000000000000010    0    0 0000000000000010       0 0000000000000010 
     635000                                  1 1100011000100000 000000000000100 0000000000000001 0000000000000011 0000000000000010    0    1 0000000000000001       0 0000000000000010 
     645000                                  1 1110100110010000 000000000000101 0000000000000001 0000000000000001 0000000000000010    1    1 1111111111111111       0 0000000000000010 
     655000                                  1 1100011000000011 000000000000110 1111111111111111 0000000000000001 0000000000000010    0    1 1111111111111111       0 0000000000000010 
     665000                                  1 1101010100000000 000000000000111 1111111111111111 0000000000000001 0000000000000010    0    1 0000000000000000       0 0000000000000010 
     675000                                  1 0000000000000000 000000000001000 1111111111111111 0000000000000001 0000000000000010    0    0 0000000000000000       0 0000000000000010 
     685000                                  1 1000011000001000 000000000001001 1111111111111111 0000000000000001 0000000000000000    0    0 0000000000000001       1 0000000000000010 
     695000                                  1 0000000000000000 000000000001010 1111111111111111 0000000000000001 0000000000000000    0    0 0000000000000000       0 0000000000000001 
     705000                                  1 0000000000000000 000000000001011 1111111111111111 0000000000000001 0000000000000000    0    0 0000000000000000       0 0000000000000001 
     715000                                  1 0000000000000000 000000000001100 1111111111111111 0000000000000001 0000000000000000    0    0 0000000000000000       0 0000000000000001 
     725000                                  1 0000000000000000 000000000001101 1111111111111111 0000000000000001 0000000000000000    0    0 0000000000000000       0 0000000000000001 
     735000                                  1 0000000000000000 000000000001110 1111111111111111 0000000000000001 0000000000000000    0    0 0000000000000000       0 0000000000000001 
     745000                                  1 0000000000000000 000000000001111 1111111111111111 0000000000000001 0000000000000000    0    0 0000000000000000       0 0000000000000001 
     755000                                  1 0000000000000000 000000000010000 1111111111111111 0000000000000001 0000000000000000    0    0 0000000000000000       0 0000000000000001 
     765000                                  1 0000000000000000 000000000010001 1111111111111111 0000000000000001 0000000000000000    0    0 0000000000000000       0 0000000000000001 
     775000                                  1 0000000000000000 000000000010010 1111111111111111 0000000000000001 0000000000000000    0    0 0000000000000000       0 0000000000000001 
     785000                                  1 0000000000000000 000000000010011 1111111111111111 0000000000000001 0000000000000000    0    0 0000000000000000       0 0000000000000001 
     795000                                  1 0000000000000000 000000000010100 1111111111111111 0000000000000001 0000000000000000    0    0 0000000000000000       0 0000000000000001 
     805000                                  1 0000000000000000 000000000010101 1111111111111111 0000000000000001 0000000000000000    0    0 0000000000000000       0 0000000000000001 
     815000                                  1 0000000000000000 000000000010110 1111111111111111 0000000000000001 0000000000000000    0    0 0000000000000000       0 0000000000000001 
     825000                                  1 0000000000000000 000000000010111 1111111111111111 0000000000000001 0000000000000000    0    0 0000000000000000       0 0000000000000001 
     835000                                  1 0000000000000000 000000000011000 1111111111111111 0000000000000001 0000000000000000    0    0 0000000000000000       0 0000000000000001 
     845000                                  1 0000000000000000 000000000011001 1111111111111111 0000000000000001 0000000000000000    0    0 0000000000000000       0 0000000000000001 
     855000                                  1 0000000000000000 000000000011010 1111111111111111 0000000000000001 0000000000000000    0    0 0000000000000000       0 0000000000000001 
     865000                                  1 0000000000000000 000000000011011 1111111111111111 0000000000000001 0000000000000000    0    0 0000000000000000       0 0000000000000001 
     875000                                  1 0000000000000000 000000000011100 1111111111111111 0000000000000001 0000000000000000    0    0 0000000000000000       0 0000000000000001 
     885000                                  1 0000000000000000 000000000011101 1111111111111111 0000000000000001 0000000000000000    0    0 0000000000000000       0 0000000000000001 
     895000                                  1 0000000000000000 000000000011110 1111111111111111 0000000000000001 0000000000000000    0    0 0000000000000000       0 0000000000000001 
     905000                                  1 0000000000000000 000000000011111 1111111111111111 0000000000000001 0000000000000000    0    0 0000000000000000       0 0000000000000001 
     915000                                  1 0000000000000000 000000000100000 1111111111111111 0000000000000001 0000000000000000    0    0 0000000000000000       0 0000000000000001 
     925000                                  1 0000000000000000 000000000100001 1111111111111111 0000000000000001 0000000000000000    0    0 0000000000000000       0 0000000000000001 
     935000                                  1 0000000000000000 000000000100010 1111111111111111 0000000000000001 0000000000000000    0    0 0000000000000000       0 0000000000000001 
     945000                                  1 0000000000000000 000000000100011 1111111111111111 0000000000000001 0000000000000000    0    0 0000000000000000       0 0000000000000001 
     955000                                  1 0000000000000000 000000000100100 1111111111111111 0000000000000001 0000000000000000    0    0 0000000000000000       0 0000000000000001 
     965000                                  1 0000000000000000 000000000100101 1111111111111111 0000000000000001 0000000000000000    0    0 0000000000000000       0 0000000000000001 
     975000                                  1 0000000000000000 000000000100110 1111111111111111 0000000000000001 0000000000000000    0    0 0000000000000000       0 0000000000000001 
     985000                                  1 0000000000000000 000000000100111 1111111111111111 0000000000000001 0000000000000000    0    0 0000000000000000       0 0000000000000001 
     995000                                  1 0000000000000000 000000000101000 1111111111111111 0000000000000001 0000000000000000    0    0 0000000000000000       0 0000000000000001 
    1005000                                  1 0000000000000000 000000000101001 1111111111111111 0000000000000001 0000000000000000    0    0 0000000000000000       0 0000000000000001 
